2024-11-07 17:26:15 INFO  DriverSetup:65 - ----------------------------------------------------------------
2024-11-07 17:26:15 INFO  DriverSetup:66 - Successfully opened the Chrome browser.
2024-11-07 17:26:15 INFO  DriverSetup:69 - Navigated to Car Loan section using Chrome browser.
2024-11-07 17:26:18 INFO  DriverSetup:110 - Entered loan amount: 1500000 using Chrome browser.
2024-11-07 17:26:18 INFO  DriverSetup:80 - Entered loan amount using Chrome browser.
2024-11-07 17:26:19 INFO  DriverSetup:135 - Entered interest rate: 9.5 using Chrome browser.
2024-11-07 17:26:19 INFO  DriverSetup:83 - Entered interest rate using Chrome browser.
2024-11-07 17:26:20 INFO  DriverSetup:160 - Entered loan tenure: 1 using Chrome browser.
2024-11-07 17:26:20 INFO  DriverSetup:86 - Entered loan tenure using Chrome browser.
2024-11-07 17:26:20 INFO  DriverSetup:173 - Scrolled down to view yearly payment details using Chrome browser.
2024-11-07 17:26:22 INFO  DriverSetup:187 - Clicked on year: 2024 using Chrome browser.
2024-11-07 17:26:25 INFO  DriverSetup:187 - Clicked on year: 2025 using Chrome browser.
2024-11-07 17:26:25 INFO  DriverSetup:216 - Extracted yearly data using Chrome browser.
2024-11-07 17:26:30 INFO  DriverSetup:242 - Extracted monthly data using Chrome browser.
2024-11-07 17:26:30 INFO  DriverSetup:293 - Filtered data successfully using Chrome browser.
2024-11-07 17:26:30 INFO  DriverSetup:323 - Printed filtered data successfully in Chrome.
2024-11-07 17:26:30 INFO  DriverSetup:324 - ----------------------------------------------------------------
2024-11-07 17:26:31 INFO  DriverSetup:80 - Clicked on HomeLoan logo using Chrome browser.
2024-11-07 17:26:32 INFO  DriverSetup:90 - Clicked on dropdown using Chrome browser.
2024-11-07 17:26:32 INFO  DriverSetup:97 - Clicked on homeLoanOption using Chrome browser.
2024-11-07 17:26:34 INFO  DriverSetup:134 - Entered home loan amount: 5000000 using Chrome browser.
2024-11-07 17:26:34 INFO  DriverSetup:109 - Entered home loan amount using Chrome browser.
2024-11-07 17:26:35 INFO  DriverSetup:152 - Entered home loan interest: 9.5 using Chrome browser.
2024-11-07 17:26:35 INFO  DriverSetup:112 - Entered home loan interest rate using Chrome browser.
2024-11-07 17:26:36 INFO  DriverSetup:175 - Entered home loan tenure: 5 using Chrome browser.
2024-11-07 17:26:36 INFO  DriverSetup:115 - Entered home loan tenure using Chrome browser.
2024-11-07 17:26:36 INFO  DriverSetup:193 - Scrolled to yearly payment details using Chrome browser.
2024-11-07 17:26:36 INFO  DriverSetup:222 - Extracted yearly table data using Chrome browser.
2024-11-07 17:26:37 INFO  DriverSetup:263 - Stored yearly data in Excel sheet using Chrome browser.
2024-11-07 17:26:37 INFO  DriverSetup:264 - ----------------------------------------------------------------
2024-11-07 17:26:37 INFO  DriverSetup:126 - Clicked on HomeLoan_logo using Chrome browser.
2024-11-07 17:26:37 INFO  DriverSetup:126 - Clicked on dropdown using Chrome browser.
2024-11-07 17:26:38 INFO  DriverSetup:126 - Clicked on LoanCalculatorOption using Chrome browser.
2024-11-07 17:26:38 INFO  DriverSetup:126 - Clicked on EMI Calculator using Chrome browser.
2024-11-07 17:26:39 INFO  DriverSetup:138 - Dragged LoanAmountSlider using Chrome browser.
2024-11-07 17:26:39 INFO  DriverSetup:209 - Verified loan amount slider value using Chrome browser.
2024-11-07 17:26:40 INFO  DriverSetup:138 - Dragged LoanInterestSlider using Chrome browser.
2024-11-07 17:26:40 INFO  DriverSetup:209 - Verified loan interest rate slider value using Chrome browser.
2024-11-07 17:26:40 INFO  DriverSetup:126 - Clicked on loanYearButton using Chrome browser.
2024-11-07 17:26:41 INFO  DriverSetup:138 - Dragged LoanTenureSlider using Chrome browser.
2024-11-07 17:26:41 INFO  DriverSetup:126 - Clicked on loanYearButton using Chrome browser.
2024-11-07 17:26:41 INFO  DriverSetup:209 - Verified loan tenure slider (yearly) value using Chrome browser.
2024-11-07 17:26:41 INFO  DriverSetup:126 - Clicked on loanMonthsButton using Chrome browser.
2024-11-07 17:26:42 INFO  DriverSetup:138 - Dragged LoanTenureSlider using Chrome browser.
2024-11-07 17:26:42 INFO  DriverSetup:126 - Clicked on loanMonthsButton using Chrome browser.
2024-11-07 17:26:42 INFO  DriverSetup:209 - Verified loan tenure slider (monthly) value using Chrome browser.
2024-11-07 17:26:43 INFO  DriverSetup:138 - Dragged LoanFeesSlider using Chrome browser.
2024-11-07 17:26:43 INFO  DriverSetup:209 - Verified loan fees slider value using Chrome browser.
2024-11-07 17:26:43 INFO  DriverSetup:126 - Clicked on EMI Calculator using Chrome browser.
2024-11-07 17:26:44 INFO  DriverSetup:138 - Dragged LoanAmountSlider using Chrome browser.
2024-11-07 17:26:44 INFO  DriverSetup:209 - Verified loan amount slider value using Chrome browser.
2024-11-07 17:26:45 INFO  DriverSetup:138 - Dragged LoanInterestSlider using Chrome browser.
2024-11-07 17:26:45 ERROR DriverSetup:211 - Assertion failed for loan interest rate slider using Chrome browser: expected [10.25] but found [10.5]
2024-11-07 17:26:45 INFO  DriverSetup:126 - Clicked on loanYearButton using Chrome browser.
2024-11-07 17:26:46 INFO  DriverSetup:138 - Dragged LoanTenureSlider using Chrome browser.
2024-11-07 17:26:46 INFO  DriverSetup:126 - Clicked on loanYearButton using Chrome browser.
2024-11-07 17:26:46 INFO  DriverSetup:209 - Verified loan tenure slider (yearly) value using Chrome browser.
2024-11-07 17:26:46 INFO  DriverSetup:126 - Clicked on loanMonthsButton using Chrome browser.
2024-11-07 17:26:47 INFO  DriverSetup:138 - Dragged LoanTenureSlider using Chrome browser.
2024-11-07 17:26:47 INFO  DriverSetup:126 - Clicked on loanMonthsButton using Chrome browser.
2024-11-07 17:26:47 INFO  DriverSetup:209 - Verified loan tenure slider (monthly) value using Chrome browser.
2024-11-07 17:26:47 INFO  DriverSetup:138 - Dragged LoanFeesSlider using Chrome browser.
2024-11-07 17:26:47 INFO  DriverSetup:209 - Verified loan fees slider value using Chrome browser.
2024-11-07 17:26:48 INFO  DriverSetup:126 - Clicked on Loan Tenure Calculator using Chrome browser.
2024-11-07 17:26:48 INFO  DriverSetup:126 - Clicked on Loan Tenure Calculator using Chrome browser.
2024-11-07 17:26:49 INFO  DriverSetup:138 - Dragged LoanAmountSlider using Chrome browser.
2024-11-07 17:26:49 INFO  DriverSetup:209 - Verified loan amount slider value using Chrome browser.
2024-11-07 17:26:49 INFO  DriverSetup:138 - Dragged LoanEmiSlider using Chrome browser.
2024-11-07 17:26:49 ERROR DriverSetup:211 - Assertion failed for loan EMI slider using Chrome browser: expected [1,12,374.16] but found [1,07,939.24]
2024-11-07 17:26:50 INFO  DriverSetup:138 - Dragged LoanInterestSlider using Chrome browser.
2024-11-07 17:26:50 INFO  DriverSetup:209 - Verified loan interest rate slider value using Chrome browser.
2024-11-07 17:26:51 INFO  DriverSetup:138 - Dragged LoanFeesSlider using Chrome browser.
2024-11-07 17:26:51 INFO  DriverSetup:209 - Verified loan fees slider value using Chrome browser.
2024-11-07 17:26:51 INFO  DriverSetup:126 - Clicked on Loan Tenure Calculator using Chrome browser.
2024-11-07 17:26:52 INFO  DriverSetup:138 - Dragged LoanAmountSlider using Chrome browser.
2024-11-07 17:26:52 INFO  DriverSetup:209 - Verified loan amount slider value using Chrome browser.
2024-11-07 17:26:52 INFO  DriverSetup:138 - Dragged LoanEmiSlider using Chrome browser.
2024-11-07 17:26:52 INFO  DriverSetup:209 - Verified loan EMI slider value using Chrome browser.
2024-11-07 17:26:53 INFO  DriverSetup:138 - Dragged LoanInterestSlider using Chrome browser.
2024-11-07 17:26:53 INFO  DriverSetup:209 - Verified loan interest rate slider value using Chrome browser.
2024-11-07 17:26:54 INFO  DriverSetup:138 - Dragged LoanFeesSlider using Chrome browser.
2024-11-07 17:26:54 ERROR DriverSetup:211 - Assertion failed for loan fees slider using Chrome browser: expected [50,500] but found [51,500]
